<?xml version="1.0" encoding="UTF-8"?>
<testng-results ignored="0" total="1" passed="1" failed="0" skipped="0">
  <reporter-output>
  </reporter-output>
  <suite started-at="2022-04-21T19:00:40Z" name="KDD Suite" finished-at="2022-04-21T19:02:02Z" duration-ms="81890">
    <groups>
    </groups>
    <test started-at="2022-04-21T19:00:40Z" name="KDF Tests" finished-at="2022-04-21T19:02:02Z" duration-ms="81890">
      <class name="com.kdd.runner.TestExecutor">
        <test-method is-config="true" signature="configurations(org.testng.ITestContext)[pri:0, instance:com.kdd.runner.TestExecutor@7b02881e]" started-at="2022-04-21T19:00:31Z" name="configurations" finished-at="2022-04-21T19:00:40Z" duration-ms="9047" status="PASS">
          <params>
            <param index="0">
              <value>
                <![CDATA[org.testng.TestRunner@5d25e6bb]]>
              </value>
            </param>
          </params>
          <reporter-output>
          </reporter-output>
        </test-method> <!-- configurations -->
        <test-method is-config="true" signature="initialization()[pri:0, instance:com.kdd.runner.TestExecutor@7b02881e]" started-at="2022-04-21T19:00:41Z" name="initialization" finished-at="2022-04-21T19:01:41Z" duration-ms="59872" status="PASS">
          <reporter-output>
          </reporter-output>
        </test-method> <!-- initialization -->
        <test-method signature="testCasesExecutor(int, java.lang.String)[pri:0, instance:com.kdd.runner.TestExecutor@7b02881e]" started-at="2022-04-21T19:01:41Z" name="testCasesExecutor" data-provider="testCasesList" finished-at="2022-04-21T19:01:53Z" duration-ms="12784" status="PASS">
          <params>
            <param index="0">
              <value>
                <![CDATA[1]]>
              </value>
            </param>
            <param index="1">
              <value>
                <![CDATA[TC001_Verify_Ebay_Home_Page]]>
              </value>
            </param>
          </params>
          <reporter-output>
          </reporter-output>
        </test-method> <!-- testCasesExecutor -->
        <test-method is-config="true" signature="updateStatus(org.testng.ITestResult)[pri:0, instance:com.kdd.runner.TestExecutor@7b02881e]" started-at="2022-04-21T19:01:53Z" name="updateStatus" finished-at="2022-04-21T19:02:02Z" duration-ms="9024" status="PASS">
          <params>
            <param index="0">
              <value>
                <![CDATA[[TestResult name=testCasesExecutor status=SUCCESS method=TestExecutor.testCasesExecutor(int, java.lang.String)[pri:0, instance:com.kdd.runner.TestExecutor@7b02881e] output={null}]]]>
              </value>
            </param>
          </params>
          <reporter-output>
          </reporter-output>
        </test-method> <!-- updateStatus -->
        <test-method is-config="true" signature="SendTestEmail()[pri:0, instance:com.kdd.runner.TestExecutor@7b02881e]" started-at="2022-04-21T19:02:03Z" name="SendTestEmail" finished-at="2022-04-21T19:02:15Z" duration-ms="12774" status="PASS">
          <reporter-output>
          </reporter-output>
        </test-method> <!-- SendTestEmail -->
      </class> <!-- com.kdd.runner.TestExecutor -->
    </test> <!-- KDF Tests -->
  </suite> <!-- KDD Suite -->
</testng-results>
